[debug] [2021-06-16T04:19:59.364Z] ----------------------------------------------------------------------
[debug] [2021-06-16T04:19:59.366Z] Command:       /usr/bin/node /usr/local/bin/firebase deploy --only functions
[debug] [2021-06-16T04:19:59.366Z] CLI Version:   9.12.1
[debug] [2021-06-16T04:19:59.366Z] Platform:      linux
[debug] [2021-06-16T04:19:59.367Z] Node Version:  v14.16.0
[debug] [2021-06-16T04:19:59.367Z] Time:          Wed Jun 16 2021 09:49:59 GMT+0530 (India Standard Time)
[debug] [2021-06-16T04:19:59.367Z] ----------------------------------------------------------------------
[debug] 
[debug] [2021-06-16T04:19:59.373Z] > command requires scopes: ["email","openid","https://www.googleapis.com/auth/cloudplatformprojects.readonly","https://www.googleapis.com/auth/firebase","https://www.googleapis.com/auth/cloud-platform"]
[debug] [2021-06-16T04:19:59.373Z] > authorizing via signed-in user (challengeemii@gmail.com)
[debug] [2021-06-16T04:19:59.373Z] [iam] checking project challengemii-website for permissions ["cloudfunctions.functions.create","cloudfunctions.functions.delete","cloudfunctions.functions.get","cloudfunctions.functions.list","cloudfunctions.functions.update","cloudfunctions.operations.get","firebase.projects.get"]
[debug] [2021-06-16T04:19:59.375Z] > refreshing access token with scopes: ["email","https://www.googleapis.com/auth/cloud-platform","https://www.googleapis.com/auth/cloudplatformprojects.readonly","https://www.googleapis.com/auth/firebase","openid"]
[debug] [2021-06-16T04:19:59.375Z] >>> HTTP REQUEST POST https://www.googleapis.com/oauth2/v3/token  
 <request body omitted>
[debug] [2021-06-16T04:19:59.884Z] <<< HTTP RESPONSE 200 {"date":"Wed, 16 Jun 2021 04:18:34 GMT","cache-control":"no-cache, no-store, max-age=0, must-revalidate","expires":"Mon, 01 Jan 1990 00:00:00 GMT","pragma":"no-cache","content-type":"application/json; charset=utf-8","vary":"X-Origin, Referer, Origin,Accept-Encoding","server":"scaffolding on HTTPServer2","x-xss-protection":"0","x-frame-options":"SAMEORIGIN","x-content-type-options":"nosniff","alt-svc":"h3=\":443\"; ma=2592000,h3-29=\":443\"; ma=2592000,h3-T051=\":443\"; ma=2592000,h3-Q050=\":443\"; ma=2592000,h3-Q046=\":443\"; ma=2592000,h3-Q043=\":443\"; ma=2592000,quic=\":443\"; ma=2592000; v=\"46,43\"","accept-ranges":"none","transfer-encoding":"chunked"}
[debug] [2021-06-16T04:19:59.895Z] >>> HTTP REQUEST POST https://cloudresourcemanager.googleapis.com/v1/projects/challengemii-website:testIamPermissions  
 {"permissions":["cloudfunctions.functions.create","cloudfunctions.functions.delete","cloudfunctions.functions.get","cloudfunctions.functions.list","cloudfunctions.functions.update","cloudfunctions.operations.get","firebase.projects.get"]}
[debug] [2021-06-16T04:20:06.767Z] <<< HTTP RESPONSE 200 {"content-type":"application/json; charset=UTF-8","vary":"X-Origin, Referer, Origin,Accept-Encoding","date":"Wed, 16 Jun 2021 04:18:40 GMT","server":"ESF","cache-control":"private","x-xss-protection":"0","x-frame-options":"SAMEORIGIN","x-content-type-options":"nosniff","server-timing":"gfet4t7; dur=1408","alt-svc":"h3=\":443\"; ma=2592000,h3-29=\":443\"; ma=2592000,h3-T051=\":443\"; ma=2592000,h3-Q050=\":443\"; ma=2592000,h3-Q046=\":443\"; ma=2592000,h3-Q043=\":443\"; ma=2592000,quic=\":443\"; ma=2592000; v=\"46,43\"","accept-ranges":"none","transfer-encoding":"chunked"}
[debug] [2021-06-16T04:20:06.768Z] >>> HTTP REQUEST POST https://iam.googleapis.com/v1/projects/challengemii-website/serviceAccounts/challengemii-website@appspot.gserviceaccount.com:testIamPermissions  
 {"permissions":["iam.serviceAccounts.actAs"]}
[debug] [2021-06-16T04:20:08.520Z] <<< HTTP RESPONSE 200 {"content-type":"application/json; charset=UTF-8","vary":"X-Origin, Referer, Origin,Accept-Encoding","date":"Wed, 16 Jun 2021 04:18:42 GMT","server":"ESF","cache-control":"private","x-xss-protection":"0","x-frame-options":"SAMEORIGIN","x-content-type-options":"nosniff","alt-svc":"h3=\":443\"; ma=2592000,h3-29=\":443\"; ma=2592000,h3-T051=\":443\"; ma=2592000,h3-Q050=\":443\"; ma=2592000,h3-Q046=\":443\"; ma=2592000,h3-Q043=\":443\"; ma=2592000,quic=\":443\"; ma=2592000; v=\"46,43\"","accept-ranges":"none","transfer-encoding":"chunked"}
[info] 
[info] === Deploying to 'challengemii-website'...
[info] 
[info] i  deploying functions 
[info] i  functions: ensuring required API cloudfunctions.googleapis.com is enabled... 
[info] i  functions: ensuring required API cloudbuild.googleapis.com is enabled... 
[debug] [2021-06-16T04:20:10.304Z] >>> HTTP REQUEST GET https://serviceusage.googleapis.com/v1/projects/challengemii-website/services/cloudfunctions.googleapis.com  
 
[debug] [2021-06-16T04:20:10.306Z] >>> HTTP REQUEST GET https://serviceusage.googleapis.com/v1/projects/challengemii-website/services/runtimeconfig.googleapis.com  
 
[debug] [2021-06-16T04:20:10.307Z] >>> HTTP REQUEST GET https://serviceusage.googleapis.com/v1/projects/challengemii-website/services/cloudbuild.googleapis.com  
 
[debug] [2021-06-16T04:20:17.185Z] <<< HTTP RESPONSE 200 {"content-type":"application/json; charset=UTF-8","vary":"X-Origin, Referer, Origin,Accept-Encoding","date":"Wed, 16 Jun 2021 04:18:51 GMT","server":"ESF","cache-control":"private","x-xss-protection":"0","x-frame-options":"SAMEORIGIN","x-content-type-options":"nosniff","alt-svc":"h3=\":443\"; ma=2592000,h3-29=\":443\"; ma=2592000,h3-T051=\":443\"; ma=2592000,h3-Q050=\":443\"; ma=2592000,h3-Q046=\":443\"; ma=2592000,h3-Q043=\":443\"; ma=2592000,quic=\":443\"; ma=2592000; v=\"46,43\"","accept-ranges":"none","transfer-encoding":"chunked"}
[info] ✔  functions: required API cloudbuild.googleapis.com is enabled 
[debug] [2021-06-16T04:20:17.225Z] <<< HTTP RESPONSE 200 {"content-type":"application/json; charset=UTF-8","vary":"X-Origin, Referer, Origin,Accept-Encoding","date":"Wed, 16 Jun 2021 04:18:51 GMT","server":"ESF","cache-control":"private","x-xss-protection":"0","x-frame-options":"SAMEORIGIN","x-content-type-options":"nosniff","alt-svc":"h3=\":443\"; ma=2592000,h3-29=\":443\"; ma=2592000,h3-T051=\":443\"; ma=2592000,h3-Q050=\":443\"; ma=2592000,h3-Q046=\":443\"; ma=2592000,h3-Q043=\":443\"; ma=2592000,quic=\":443\"; ma=2592000; v=\"46,43\"","accept-ranges":"none","transfer-encoding":"chunked"}
[info] ✔  functions: required API cloudfunctions.googleapis.com is enabled 
[debug] [2021-06-16T04:20:17.264Z] <<< HTTP RESPONSE 200 {"content-type":"application/json; charset=UTF-8","vary":"X-Origin, Referer, Origin,Accept-Encoding","date":"Wed, 16 Jun 2021 04:18:51 GMT","server":"ESF","cache-control":"private","x-xss-protection":"0","x-frame-options":"SAMEORIGIN","x-content-type-options":"nosniff","alt-svc":"h3=\":443\"; ma=2592000,h3-29=\":443\"; ma=2592000,h3-T051=\":443\"; ma=2592000,h3-Q050=\":443\"; ma=2592000,h3-Q046=\":443\"; ma=2592000,h3-Q043=\":443\"; ma=2592000,quic=\":443\"; ma=2592000; v=\"46,43\"","accept-ranges":"none","transfer-encoding":"chunked"}
[debug] [2021-06-16T04:20:17.265Z] >>> HTTP REQUEST GET https://firebase.googleapis.com/v1beta1/projects/challengemii-website/adminSdkConfig  
 
[debug] [2021-06-16T04:20:17.945Z] <<< HTTP RESPONSE 200 {"content-type":"application/json; charset=UTF-8","vary":"X-Origin, Referer, Origin,Accept-Encoding","date":"Wed, 16 Jun 2021 04:18:52 GMT","server":"ESF","cache-control":"private","x-xss-protection":"0","x-frame-options":"SAMEORIGIN","x-content-type-options":"nosniff","alt-svc":"h3=\":443\"; ma=2592000,h3-29=\":443\"; ma=2592000,h3-T051=\":443\"; ma=2592000,h3-Q050=\":443\"; ma=2592000,h3-Q046=\":443\"; ma=2592000,h3-Q043=\":443\"; ma=2592000,quic=\":443\"; ma=2592000; v=\"46,43\"","accept-ranges":"none","transfer-encoding":"chunked"}
[info] i  functions: preparing functions directory for uploading... 
[debug] [2021-06-16T04:20:17.948Z] >>> HTTP REQUEST GET https://runtimeconfig.googleapis.com/v1beta1/projects/challengemii-website/configs  
 
[debug] [2021-06-16T04:20:19.597Z] <<< HTTP RESPONSE 200 {"content-type":"application/json; charset=UTF-8","vary":"X-Origin, Referer, Origin,Accept-Encoding","date":"Wed, 16 Jun 2021 04:18:53 GMT","server":"ESF","cache-control":"private","x-xss-protection":"0","x-frame-options":"SAMEORIGIN","x-content-type-options":"nosniff","alt-svc":"h3=\":443\"; ma=2592000,h3-29=\":443\"; ma=2592000,h3-T051=\":443\"; ma=2592000,h3-Q050=\":443\"; ma=2592000,h3-Q046=\":443\"; ma=2592000,h3-Q043=\":443\"; ma=2592000,quic=\":443\"; ma=2592000; v=\"46,43\"","accept-ranges":"none","transfer-encoding":"chunked"}
[debug] [2021-06-16T04:20:19.599Z] >>> HTTP REQUEST GET https://runtimeconfig.googleapis.com/v1beta1/projects/challengemii-website/configs/paytm/variables  
 
[debug] [2021-06-16T04:20:20.156Z] <<< HTTP RESPONSE 200 {"content-type":"application/json; charset=UTF-8","vary":"X-Origin, Referer, Origin,Accept-Encoding","date":"Wed, 16 Jun 2021 04:18:54 GMT","server":"ESF","cache-control":"private","x-xss-protection":"0","x-frame-options":"SAMEORIGIN","x-content-type-options":"nosniff","alt-svc":"h3=\":443\"; ma=2592000,h3-29=\":443\"; ma=2592000,h3-T051=\":443\"; ma=2592000,h3-Q050=\":443\"; ma=2592000,h3-Q046=\":443\"; ma=2592000,h3-Q043=\":443\"; ma=2592000,quic=\":443\"; ma=2592000; v=\"46,43\"","accept-ranges":"none","transfer-encoding":"chunked"}
[debug] [2021-06-16T04:20:20.158Z] >>> HTTP REQUEST GET https://runtimeconfig.googleapis.com/v1beta1/projects/challengemii-website/configs/paytm/variables/merchant_key  
 
[debug] [2021-06-16T04:20:20.159Z] >>> HTTP REQUEST GET https://runtimeconfig.googleapis.com/v1beta1/projects/challengemii-website/configs/paytm/variables/merchant_id  
 
[debug] [2021-06-16T04:20:20.795Z] <<< HTTP RESPONSE 200 {"content-type":"application/json; charset=UTF-8","vary":"X-Origin, Referer, Origin,Accept-Encoding","date":"Wed, 16 Jun 2021 04:18:54 GMT","server":"ESF","cache-control":"private","x-xss-protection":"0","x-frame-options":"SAMEORIGIN","x-content-type-options":"nosniff","alt-svc":"h3=\":443\"; ma=2592000,h3-29=\":443\"; ma=2592000,h3-T051=\":443\"; ma=2592000,h3-Q050=\":443\"; ma=2592000,h3-Q046=\":443\"; ma=2592000,h3-Q043=\":443\"; ma=2592000,quic=\":443\"; ma=2592000; v=\"46,43\"","accept-ranges":"none","transfer-encoding":"chunked"}
[debug] [2021-06-16T04:20:20.797Z] <<< HTTP RESPONSE 200 {"content-type":"application/json; charset=UTF-8","vary":"X-Origin, Referer, Origin,Accept-Encoding","date":"Wed, 16 Jun 2021 04:18:54 GMT","server":"ESF","cache-control":"private","x-xss-protection":"0","x-frame-options":"SAMEORIGIN","x-content-type-options":"nosniff","alt-svc":"h3=\":443\"; ma=2592000,h3-29=\":443\"; ma=2592000,h3-T051=\":443\"; ma=2592000,h3-Q050=\":443\"; ma=2592000,h3-Q046=\":443\"; ma=2592000,h3-Q043=\":443\"; ma=2592000,quic=\":443\"; ma=2592000; v=\"46,43\"","accept-ranges":"none","transfer-encoding":"chunked"}
[debug] [2021-06-16T04:20:20.797Z] Analyizing backend with strategy parseJSExports
[info] i  functions: packaged functions (66.52 KB) for uploading 
[debug] [2021-06-16T04:20:21.034Z] > [functions] package.json contents: {
  "name": "functions",
  "description": "Cloud Functions for Firebase",
  "scripts": {
    "serve": "firebase emulators:start --only functions",
    "shell": "firebase functions:shell",
    "start": "npm run shell",
    "deploy": "firebase deploy --only functions",
    "logs": "firebase functions:log"
  },
  "engines": {
    "node": "14"
  },
  "main": "index.js",
  "dependencies": {
    "axios": "^0.21.1",
    "cors": "^2.8.5",
    "firebase-admin": "^9.8.0",
    "firebase-functions": "^3.14.1",
    "moment": "^2.29.1"
  },
  "devDependencies": {
    "firebase-functions-test": "^0.2.0"
  },
  "private": true
}
[debug] [2021-06-16T04:20:21.035Z] >>> HTTP REQUEST GET https://cloudfunctions.googleapis.com/v1/projects/challengemii-website/locations/-/functions  
 
[debug] [2021-06-16T04:20:22.025Z] <<< HTTP RESPONSE 200 {"content-type":"application/json; charset=UTF-8","vary":"X-Origin, Referer, Origin,Accept-Encoding","date":"Wed, 16 Jun 2021 04:18:56 GMT","server":"ESF","cache-control":"private","x-xss-protection":"0","x-frame-options":"SAMEORIGIN","x-content-type-options":"nosniff","alt-svc":"h3=\":443\"; ma=2592000,h3-29=\":443\"; ma=2592000,h3-T051=\":443\"; ma=2592000,h3-Q050=\":443\"; ma=2592000,h3-Q046=\":443\"; ma=2592000,h3-Q043=\":443\"; ma=2592000,quic=\":443\"; ma=2592000; v=\"46,43\"","accept-ranges":"none","transfer-encoding":"chunked"}
[debug] [2021-06-16T04:20:22.030Z] >>> HTTP REQUEST POST https://cloudfunctions.googleapis.com/v1/projects/challengemii-website/locations/us-central1/functions:generateUploadUrl  
 
[debug] [2021-06-16T04:20:23.054Z] <<< HTTP RESPONSE 200 {"content-type":"application/json; charset=UTF-8","vary":"X-Origin, Referer, Origin,Accept-Encoding","date":"Wed, 16 Jun 2021 04:18:57 GMT","server":"ESF","cache-control":"private","x-xss-protection":"0","x-frame-options":"SAMEORIGIN","x-content-type-options":"nosniff","alt-svc":"h3=\":443\"; ma=2592000,h3-29=\":443\"; ma=2592000,h3-T051=\":443\"; ma=2592000,h3-Q050=\":443\"; ma=2592000,h3-Q046=\":443\"; ma=2592000,h3-Q043=\":443\"; ma=2592000,quic=\":443\"; ma=2592000; v=\"46,43\"","accept-ranges":"none","transfer-encoding":"chunked"}
[debug] [2021-06-16T04:20:23.057Z] >>> HTTP REQUEST PUT https://storage.googleapis.com/gcf-upload-us-central1-35aae8af-fe1d-4598-a439-b815296bea3a/a6182920-3f2b-4ae5-abae-7423af342ef9.zip?GoogleAccessId=service-122995334783@gcf-admin-robot.iam.gserviceaccount.com&Expires=1623818937&Signature=UIDVD7NsxRA6r4U3IT9xjfev5MPjbBAxmuv6FMepvWXDk%2Bsyma3cBOMpVXEoBzP7ncp0NrvyxkQwD2ueyrVnVUxLc5D4aGR%2BHXh4lr0J%2FaqngNxcllwHOyAB%2FSzwSDrCt%2BZoRcV5T5UGYqWeMuyokxzLgDWuHxSoaRiBTLXIc0tCf8LDRgoXG3d4LiZiEZBbJyVv1D%2B92zzVPTneW%2BvIoKU0MYFoOIKemChwa%2B882Cyoy9toj1BeJOi9bX4YGbD8ZTBhtCTjtaVJNloIAWjewNAuv2GjQ%2BO9aNJOG2say0mwDrkhmZOmZ7QkOV0qAdN0kdmM5jatuiv0viX8LJ5fAQ%3D%3D  
 <request body omitted>
[debug] [2021-06-16T04:20:24.753Z] <<< HTTP RESPONSE 200 {"x-guploader-uploadid":"ABg5-Uyt8jbMY0ttvfRET36gE3voZyN260cKUp5fzbfXcpWjla7-X3uwHea8yJlAXHrCxR4ZOGWdozaBS5pruMCmDaQ","etag":"\"10f02893e7c565ae842744e3fd72922c\"","x-goog-generation":"1623817138773602","x-goog-metageneration":"1","x-goog-hash":"crc32c=zdLQuQ==, md5=EPAok+fFZa6EJ0Tj/XKSLA==","x-goog-stored-content-length":"68115","x-goog-stored-content-encoding":"identity","vary":"Origin","content-length":"0","date":"Wed, 16 Jun 2021 04:18:58 GMT","server":"UploadServer","content-type":"text/html; charset=UTF-8","alt-svc":"h3=\":443\"; ma=2592000,h3-29=\":443\"; ma=2592000,h3-T051=\":443\"; ma=2592000,h3-Q050=\":443\"; ma=2592000,h3-Q046=\":443\"; ma=2592000,h3-Q043=\":443\"; ma=2592000,quic=\":443\"; ma=2592000; v=\"46,43\""}
[info] ✔  functions: functions folder uploaded successfully 
[info] i  functions: updating Node.js 14 function initiatePayment(asia-south1)... 
[debug] [2021-06-16T04:20:24.759Z] >>> HTTP REQUEST PATCH https://cloudfunctions.googleapis.com/v1/projects/challengemii-website/locations/asia-south1/functions/initiatePayment {"updateMask":"name,sourceUploadUrl,entryPoint,runtime,httpsTrigger.securityLevel,labels,environmentVariables"} 
 {"name":"projects/challengemii-website/locations/asia-south1/functions/initiatePayment","sourceUploadUrl":"https://storage.googleapis.com/gcf-upload-us-central1-35aae8af-fe1d-4598-a439-b815296bea3a/a6182920-3f2b-4ae5-abae-7423af342ef9.zip?GoogleAccessId=service-122995334783@gcf-admin-robot.iam.gserviceaccount.com&Expires=1623818937&Signature=UIDVD7NsxRA6r4U3IT9xjfev5MPjbBAxmuv6FMepvWXDk%2Bsyma3cBOMpVXEoBzP7ncp0NrvyxkQwD2ueyrVnVUxLc5D4aGR%2BHXh4lr0J%2FaqngNxcllwHOyAB%2FSzwSDrCt%2BZoRcV5T5UGYqWeMuyokxzLgDWuHxSoaRiBTLXIc0tCf8LDRgoXG3d4LiZiEZBbJyVv1D%2B92zzVPTneW%2BvIoKU0MYFoOIKemChwa%2B882Cyoy9toj1BeJOi9bX4YGbD8ZTBhtCTjtaVJNloIAWjewNAuv2GjQ%2BO9aNJOG2say0mwDrkhmZOmZ7QkOV0qAdN0kdmM5jatuiv0viX8LJ5fAQ%3D%3D","entryPoint":"initiatePayment","runtime":"nodejs14","httpsTrigger":{"securityLevel":"SECURE_OPTIONAL"},"labels":{"deployment-tool":"cli-firebase"},"environmentVariables":{"FIREBASE_CONFIG":"{\"projectId\":\"challengemii-website\",\"storageBucket\":\"challengemii-website.appspot.com\",\"locationId\":\"asia-south1\"}"}}
[debug] [2021-06-16T04:20:26.175Z] <<< HTTP RESPONSE 200 {"content-type":"application/json; charset=UTF-8","vary":"X-Origin, Referer, Origin,Accept-Encoding","date":"Wed, 16 Jun 2021 04:19:00 GMT","server":"ESF","cache-control":"private","x-xss-protection":"0","x-frame-options":"SAMEORIGIN","x-content-type-options":"nosniff","alt-svc":"h3=\":443\"; ma=2592000,h3-29=\":443\"; ma=2592000,h3-T051=\":443\"; ma=2592000,h3-Q050=\":443\"; ma=2592000,h3-Q046=\":443\"; ma=2592000,h3-Q043=\":443\"; ma=2592000,quic=\":443\"; ma=2592000; v=\"46,43\"","accept-ranges":"none","transfer-encoding":"chunked"}
[debug] [2021-06-16T04:20:26.179Z] > refreshing access token with scopes: []
[debug] [2021-06-16T04:20:26.179Z] >>> HTTP REQUEST POST https://www.googleapis.com/oauth2/v3/token  
 <request body omitted>
[debug] [2021-06-16T04:20:26.538Z] <<< HTTP RESPONSE 200 {"date":"Wed, 16 Jun 2021 04:19:00 GMT","cache-control":"no-cache, no-store, max-age=0, must-revalidate","pragma":"no-cache","expires":"Mon, 01 Jan 1990 00:00:00 GMT","content-type":"application/json; charset=utf-8","vary":"X-Origin, Referer, Origin,Accept-Encoding","server":"scaffolding on HTTPServer2","x-xss-protection":"0","x-frame-options":"SAMEORIGIN","x-content-type-options":"nosniff","alt-svc":"h3=\":443\"; ma=2592000,h3-29=\":443\"; ma=2592000,h3-T051=\":443\"; ma=2592000,h3-Q050=\":443\"; ma=2592000,h3-Q046=\":443\"; ma=2592000,h3-Q043=\":443\"; ma=2592000,quic=\":443\"; ma=2592000; v=\"46,43\"","accept-ranges":"none","transfer-encoding":"chunked"}
[debug] [2021-06-16T04:20:26.550Z] >>> [apiv2][query] GET https://cloudfunctions.googleapis.com/v1/operations/Y2hhbGxlbmdlbWlpLXdlYnNpdGUvYXNpYS1zb3V0aDEvaW5pdGlhdGVQYXltZW50L2xid2JzQ0RRU184 [none]
[debug] [2021-06-16T04:20:27.195Z] <<< [apiv2][status] GET https://cloudfunctions.googleapis.com/v1/operations/Y2hhbGxlbmdlbWlpLXdlYnNpdGUvYXNpYS1zb3V0aDEvaW5pdGlhdGVQYXltZW50L2xid2JzQ0RRU184 200
[debug] [2021-06-16T04:20:27.195Z] <<< [apiv2][body] GET https://cloudfunctions.googleapis.com/v1/operations/Y2hhbGxlbmdlbWlpLXdlYnNpdGUvYXNpYS1zb3V0aDEvaW5pdGlhdGVQYXltZW50L2xid2JzQ0RRU184 {"name":"operations/Y2hhbGxlbmdlbWlpLXdlYnNpdGUvYXNpYS1zb3V0aDEvaW5pdGlhdGVQYXltZW50L2xid2JzQ0RRU184","metadata":{"@type":"type.googleapis.com/google.cloud.functions.v1.OperationMetadataV1","target":"projects/challengemii-website/locations/asia-south1/functions/initiatePayment","type":"UPDATE_FUNCTION","request":{"@type":"type.googleapis.com/google.cloud.functions.v1.CloudFunction","name":"projects/challengemii-website/locations/asia-south1/functions/initiatePayment","httpsTrigger":{"url":"https://asia-south1-challengemii-website.cloudfunctions.net/initiatePayment","securityLevel":"SECURE_OPTIONAL"},"status":"ACTIVE","entryPoint":"initiatePayment","timeout":"60s","availableMemoryMb":256,"serviceAccountEmail":"challengemii-website@appspot.gserviceaccount.com","updateTime":"2021-06-15T11:02:39.597Z","versionId":"7","labels":{"deployment-tool":"cli-firebase"},"sourceUploadUrl":"https://storage.googleapis.com/gcf-upload-us-central1-35aae8af-fe1d-4598-a439-b815296bea3a/a6182920-3f2b-4ae5-abae-7423af342ef9.zip?GoogleAccessId=service-122995334783@gcf-admin-robot.iam.gserviceaccount.com&Expires=1623818937&Signature=UIDVD7NsxRA6r4U3IT9xjfev5MPjbBAxmuv6FMepvWXDk%2Bsyma3cBOMpVXEoBzP7ncp0NrvyxkQwD2ueyrVnVUxLc5D4aGR%2BHXh4lr0J%2FaqngNxcllwHOyAB%2FSzwSDrCt%2BZoRcV5T5UGYqWeMuyokxzLgDWuHxSoaRiBTLXIc0tCf8LDRgoXG3d4LiZiEZBbJyVv1D%2B92zzVPTneW%2BvIoKU0MYFoOIKemChwa%2B882Cyoy9toj1BeJOi9bX4YGbD8ZTBhtCTjtaVJNloIAWjewNAuv2GjQ%2BO9aNJOG2say0mwDrkhmZOmZ7QkOV0qAdN0kdmM5jatuiv0viX8LJ5fAQ%3D%3D","environmentVariables":{"FIREBASE_CONFIG":"{\"projectId\":\"challengemii-website\",\"storageBucket\":\"challengemii-website.appspot.com\",\"locationId\":\"asia-south1\"}"},"runtime":"nodejs14","ingressSettings":"ALLOW_ALL","buildId":"00f78671-fda2-4eb7-885d-7e6b82a3b8bb"},"versionId":"8","updateTime":"2021-06-16T04:19:00Z","buildName":"projects/122995334783/locations/asia-southeast1/builds/00f78671-fda2-4eb7-885d-7e6b82a3b8bb"}}
[debug] [2021-06-16T04:20:27.697Z] [update-projects/challengemii-website/locations/asia-south1/functions/initiatePayment] Retrying task index 0
[debug] [2021-06-16T04:20:27.698Z] >>> [apiv2][query] GET https://cloudfunctions.googleapis.com/v1/operations/Y2hhbGxlbmdlbWlpLXdlYnNpdGUvYXNpYS1zb3V0aDEvaW5pdGlhdGVQYXltZW50L2xid2JzQ0RRU184 [none]
[debug] [2021-06-16T04:20:28.283Z] <<< [apiv2][status] GET https://cloudfunctions.googleapis.com/v1/operations/Y2hhbGxlbmdlbWlpLXdlYnNpdGUvYXNpYS1zb3V0aDEvaW5pdGlhdGVQYXltZW50L2xid2JzQ0RRU184 200
[debug] [2021-06-16T04:20:28.285Z] <<< [apiv2][body] GET https://cloudfunctions.googleapis.com/v1/operations/Y2hhbGxlbmdlbWlpLXdlYnNpdGUvYXNpYS1zb3V0aDEvaW5pdGlhdGVQYXltZW50L2xid2JzQ0RRU184 {"name":"operations/Y2hhbGxlbmdlbWlpLXdlYnNpdGUvYXNpYS1zb3V0aDEvaW5pdGlhdGVQYXltZW50L2xid2JzQ0RRU184","metadata":{"@type":"type.googleapis.com/google.cloud.functions.v1.OperationMetadataV1","target":"projects/challengemii-website/locations/asia-south1/functions/initiatePayment","type":"UPDATE_FUNCTION","request":{"@type":"type.googleapis.com/google.cloud.functions.v1.CloudFunction","name":"projects/challengemii-website/locations/asia-south1/functions/initiatePayment","httpsTrigger":{"url":"https://asia-south1-challengemii-website.cloudfunctions.net/initiatePayment","securityLevel":"SECURE_OPTIONAL"},"status":"ACTIVE","entryPoint":"initiatePayment","timeout":"60s","availableMemoryMb":256,"serviceAccountEmail":"challengemii-website@appspot.gserviceaccount.com","updateTime":"2021-06-15T11:02:39.597Z","versionId":"7","labels":{"deployment-tool":"cli-firebase"},"sourceUploadUrl":"https://storage.googleapis.com/gcf-upload-us-central1-35aae8af-fe1d-4598-a439-b815296bea3a/a6182920-3f2b-4ae5-abae-7423af342ef9.zip?GoogleAccessId=service-122995334783@gcf-admin-robot.iam.gserviceaccount.com&Expires=1623818937&Signature=UIDVD7NsxRA6r4U3IT9xjfev5MPjbBAxmuv6FMepvWXDk%2Bsyma3cBOMpVXEoBzP7ncp0NrvyxkQwD2ueyrVnVUxLc5D4aGR%2BHXh4lr0J%2FaqngNxcllwHOyAB%2FSzwSDrCt%2BZoRcV5T5UGYqWeMuyokxzLgDWuHxSoaRiBTLXIc0tCf8LDRgoXG3d4LiZiEZBbJyVv1D%2B92zzVPTneW%2BvIoKU0MYFoOIKemChwa%2B882Cyoy9toj1BeJOi9bX4YGbD8ZTBhtCTjtaVJNloIAWjewNAuv2GjQ%2BO9aNJOG2say0mwDrkhmZOmZ7QkOV0qAdN0kdmM5jatuiv0viX8LJ5fAQ%3D%3D","environmentVariables":{"FIREBASE_CONFIG":"{\"projectId\":\"challengemii-website\",\"storageBucket\":\"challengemii-website.appspot.com\",\"locationId\":\"asia-south1\"}"},"runtime":"nodejs14","ingressSettings":"ALLOW_ALL","buildId":"00f78671-fda2-4eb7-885d-7e6b82a3b8bb"},"versionId":"8","updateTime":"2021-06-16T04:19:00Z","buildName":"projects/122995334783/locations/asia-southeast1/builds/00f78671-fda2-4eb7-885d-7e6b82a3b8bb"}}
[debug] [2021-06-16T04:20:29.285Z] [update-projects/challengemii-website/locations/asia-south1/functions/initiatePayment] Retrying task index 0
[debug] [2021-06-16T04:20:29.286Z] >>> [apiv2][query] GET https://cloudfunctions.googleapis.com/v1/operations/Y2hhbGxlbmdlbWlpLXdlYnNpdGUvYXNpYS1zb3V0aDEvaW5pdGlhdGVQYXltZW50L2xid2JzQ0RRU184 [none]
[debug] [2021-06-16T04:20:29.633Z] <<< [apiv2][status] GET https://cloudfunctions.googleapis.com/v1/operations/Y2hhbGxlbmdlbWlpLXdlYnNpdGUvYXNpYS1zb3V0aDEvaW5pdGlhdGVQYXltZW50L2xid2JzQ0RRU184 200
[debug] [2021-06-16T04:20:29.633Z] <<< [apiv2][body] GET https://cloudfunctions.googleapis.com/v1/operations/Y2hhbGxlbmdlbWlpLXdlYnNpdGUvYXNpYS1zb3V0aDEvaW5pdGlhdGVQYXltZW50L2xid2JzQ0RRU184 {"name":"operations/Y2hhbGxlbmdlbWlpLXdlYnNpdGUvYXNpYS1zb3V0aDEvaW5pdGlhdGVQYXltZW50L2xid2JzQ0RRU184","metadata":{"@type":"type.googleapis.com/google.cloud.functions.v1.OperationMetadataV1","target":"projects/challengemii-website/locations/asia-south1/functions/initiatePayment","type":"UPDATE_FUNCTION","request":{"@type":"type.googleapis.com/google.cloud.functions.v1.CloudFunction","name":"projects/challengemii-website/locations/asia-south1/functions/initiatePayment","httpsTrigger":{"url":"https://asia-south1-challengemii-website.cloudfunctions.net/initiatePayment","securityLevel":"SECURE_OPTIONAL"},"status":"ACTIVE","entryPoint":"initiatePayment","timeout":"60s","availableMemoryMb":256,"serviceAccountEmail":"challengemii-website@appspot.gserviceaccount.com","updateTime":"2021-06-15T11:02:39.597Z","versionId":"7","labels":{"deployment-tool":"cli-firebase"},"sourceUploadUrl":"https://storage.googleapis.com/gcf-upload-us-central1-35aae8af-fe1d-4598-a439-b815296bea3a/a6182920-3f2b-4ae5-abae-7423af342ef9.zip?GoogleAccessId=service-122995334783@gcf-admin-robot.iam.gserviceaccount.com&Expires=1623818937&Signature=UIDVD7NsxRA6r4U3IT9xjfev5MPjbBAxmuv6FMepvWXDk%2Bsyma3cBOMpVXEoBzP7ncp0NrvyxkQwD2ueyrVnVUxLc5D4aGR%2BHXh4lr0J%2FaqngNxcllwHOyAB%2FSzwSDrCt%2BZoRcV5T5UGYqWeMuyokxzLgDWuHxSoaRiBTLXIc0tCf8LDRgoXG3d4LiZiEZBbJyVv1D%2B92zzVPTneW%2BvIoKU0MYFoOIKemChwa%2B882Cyoy9toj1BeJOi9bX4YGbD8ZTBhtCTjtaVJNloIAWjewNAuv2GjQ%2BO9aNJOG2say0mwDrkhmZOmZ7QkOV0qAdN0kdmM5jatuiv0viX8LJ5fAQ%3D%3D","environmentVariables":{"FIREBASE_CONFIG":"{\"projectId\":\"challengemii-website\",\"storageBucket\":\"challengemii-website.appspot.com\",\"locationId\":\"asia-south1\"}"},"runtime":"nodejs14","ingressSettings":"ALLOW_ALL","buildId":"00f78671-fda2-4eb7-885d-7e6b82a3b8bb"},"versionId":"8","updateTime":"2021-06-16T04:19:00Z","buildId":"66742158-326d-4fa8-9b1f-73ffed08feb8","buildName":"projects/122995334783/locations/asia-southeast1/builds/66742158-326d-4fa8-9b1f-73ffed08feb8"}}
[debug] [2021-06-16T04:20:31.636Z] [update-projects/challengemii-website/locations/asia-south1/functions/initiatePayment] Retrying task index 0
[debug] [2021-06-16T04:20:31.636Z] >>> [apiv2][query] GET https://cloudfunctions.googleapis.com/v1/operations/Y2hhbGxlbmdlbWlpLXdlYnNpdGUvYXNpYS1zb3V0aDEvaW5pdGlhdGVQYXltZW50L2xid2JzQ0RRU184 [none]
[debug] [2021-06-16T04:20:32.238Z] <<< [apiv2][status] GET https://cloudfunctions.googleapis.com/v1/operations/Y2hhbGxlbmdlbWlpLXdlYnNpdGUvYXNpYS1zb3V0aDEvaW5pdGlhdGVQYXltZW50L2xid2JzQ0RRU184 200
[debug] [2021-06-16T04:20:32.238Z] <<< [apiv2][body] GET https://cloudfunctions.googleapis.com/v1/operations/Y2hhbGxlbmdlbWlpLXdlYnNpdGUvYXNpYS1zb3V0aDEvaW5pdGlhdGVQYXltZW50L2xid2JzQ0RRU184 {"name":"operations/Y2hhbGxlbmdlbWlpLXdlYnNpdGUvYXNpYS1zb3V0aDEvaW5pdGlhdGVQYXltZW50L2xid2JzQ0RRU184","metadata":{"@type":"type.googleapis.com/google.cloud.functions.v1.OperationMetadataV1","target":"projects/challengemii-website/locations/asia-south1/functions/initiatePayment","type":"UPDATE_FUNCTION","request":{"@type":"type.googleapis.com/google.cloud.functions.v1.CloudFunction","name":"projects/challengemii-website/locations/asia-south1/functions/initiatePayment","httpsTrigger":{"url":"https://asia-south1-challengemii-website.cloudfunctions.net/initiatePayment","securityLevel":"SECURE_OPTIONAL"},"status":"ACTIVE","entryPoint":"initiatePayment","timeout":"60s","availableMemoryMb":256,"serviceAccountEmail":"challengemii-website@appspot.gserviceaccount.com","updateTime":"2021-06-15T11:02:39.597Z","versionId":"7","labels":{"deployment-tool":"cli-firebase"},"sourceUploadUrl":"https://storage.googleapis.com/gcf-upload-us-central1-35aae8af-fe1d-4598-a439-b815296bea3a/a6182920-3f2b-4ae5-abae-7423af342ef9.zip?GoogleAccessId=service-122995334783@gcf-admin-robot.iam.gserviceaccount.com&Expires=1623818937&Signature=UIDVD7NsxRA6r4U3IT9xjfev5MPjbBAxmuv6FMepvWXDk%2Bsyma3cBOMpVXEoBzP7ncp0NrvyxkQwD2ueyrVnVUxLc5D4aGR%2BHXh4lr0J%2FaqngNxcllwHOyAB%2FSzwSDrCt%2BZoRcV5T5UGYqWeMuyokxzLgDWuHxSoaRiBTLXIc0tCf8LDRgoXG3d4LiZiEZBbJyVv1D%2B92zzVPTneW%2BvIoKU0MYFoOIKemChwa%2B882Cyoy9toj1BeJOi9bX4YGbD8ZTBhtCTjtaVJNloIAWjewNAuv2GjQ%2BO9aNJOG2say0mwDrkhmZOmZ7QkOV0qAdN0kdmM5jatuiv0viX8LJ5fAQ%3D%3D","environmentVariables":{"FIREBASE_CONFIG":"{\"projectId\":\"challengemii-website\",\"storageBucket\":\"challengemii-website.appspot.com\",\"locationId\":\"asia-south1\"}"},"runtime":"nodejs14","ingressSettings":"ALLOW_ALL","buildId":"00f78671-fda2-4eb7-885d-7e6b82a3b8bb"},"versionId":"8","updateTime":"2021-06-16T04:19:00Z","buildId":"66742158-326d-4fa8-9b1f-73ffed08feb8","buildName":"projects/122995334783/locations/asia-southeast1/builds/66742158-326d-4fa8-9b1f-73ffed08feb8"}}
[debug] [2021-06-16T04:20:36.239Z] [update-projects/challengemii-website/locations/asia-south1/functions/initiatePayment] Retrying task index 0
[debug] [2021-06-16T04:20:36.239Z] >>> [apiv2][query] GET https://cloudfunctions.googleapis.com/v1/operations/Y2hhbGxlbmdlbWlpLXdlYnNpdGUvYXNpYS1zb3V0aDEvaW5pdGlhdGVQYXltZW50L2xid2JzQ0RRU184 [none]
